[2026-03-03 07:06:25] [INFO] ===========================================================================
[2026-03-03 07:06:25] [INFO] Coworker Task Runner - PowerShell Version
[2026-03-03 07:06:25] [INFO] Started at: 03/03/2026 07:06:25
[2026-03-03 07:06:25] [INFO] Script Log: D:\workspace\Browser4\Browser4-4.6\coworker\tasks\300logs\2026\03\03\070625-coworker.log
[2026-03-03 07:06:25] [INFO] ==========================================================================
[2026-03-03 07:06:25] [INFO] [PREPARE] Task: 1.md
[2026-03-03 07:06:25] [INFO] [PREPARE] Task: 2.md
[2026-03-03 07:06:25] [INFO] [PREPARE] Task: 3.md
[2026-03-03 07:06:25] [INFO] [PREPARE] Task: 4.md
[2026-03-03 07:06:25] [INFO] [PREPARE] Task: 5.md
[2026-03-03 07:06:25] [INFO] [PREPARE] Task: README.md
[2026-03-03 07:06:25] [INFO] [PREPARE] Task: README.zh.md
[2026-03-03 07:06:25] [INFO] Task moved to pushed: D:\workspace\Browser4\Browser4-4.6\coworker\tasks\6git-pushed\2026\0303\1.2.md
[2026-03-03 07:06:25] [INFO] Task moved to pushed: D:\workspace\Browser4\Browser4-4.6\coworker\tasks\6git-pushed\2026\0303\1.md
[2026-03-03 07:06:25] [INFO] Task moved to pushed: D:\workspace\Browser4\Browser4-4.6\coworker\tasks\6git-pushed\2026\0303\ai-software-factory-design.md
[2026-03-03 07:06:25] [INFO] Task moved to pushed: D:\workspace\Browser4\Browser4-4.6\coworker\tasks\6git-pushed\2026\0303\2.md
[2026-03-03 07:06:25] [INFO] Task moved to pushed: D:\workspace\Browser4\Browser4-4.6\coworker\tasks\6git-pushed\2026\0303\SQL-Track-the-task.md
[2026-03-03 07:06:25] [INFO] Executing commit script for approved tasks...
[2026-03-03 07:07:21] [INFO] Git sync executed successfully.
[2026-03-03 07:07:21] [INFO] [PUSHED] Task: fix-coworker-ps1-encoding-issues.md (updated 03/03/2026 01:40:27)
[2026-03-03 07:07:21] [INFO] [PUSHED] Task: fix-coworker-ps1-encoding-issues.md (updated 03/03/2026 01:40:27)
[2026-03-03 07:07:21] [INFO] [PUSHED] Task: fix-coworker-daily-memory-generator.md (updated 03/03/2026 01:23:12)
[2026-03-03 07:07:21] [INFO] [PUSHED] Task: fix-coworker-memory-generator-script.md (updated 03/03/2026 01:23:12)
[2026-03-03 07:07:21] [INFO] [PUSHED] Task: implement-daily-memory-batching.md (updated 03/03/2026 01:23:12)
[2026-03-03 07:07:21] [INFO] [PUSHED] Task: improve-coworker-daily-memory-generator.md (updated 03/03/2026 01:23:12)
[2026-03-03 07:07:21] [INFO] [PUSHED] Task: optimize-coworker-memory-generator.2.md (updated 03/03/2026 01:23:12)
[2026-03-03 07:07:21] [INFO] [PUSHED] Task: optimize-coworker-memory-generator.md (updated 03/03/2026 01:23:12)
[2026-03-03 07:07:21] [INFO] [PUSHED] Task: 1.md (updated 03/02/2026 14:42:36)
[2026-03-03 07:07:21] [INFO] [PUSHED] Task: improve-run-agent-examples.md (updated 03/03/2026 00:36:34)
[2026-03-03 07:07:21] [INFO] [PUSHED] Task: process-task-from-one-md.md (updated 03/03/2026 00:57:46)
[2026-03-03 07:07:21] [INFO] [PUSHED] Task: safe-move-scripts.md (updated 03/03/2026 01:18:02)
[2026-03-03 07:07:21] [INFO] [PUSHED] Task: safe-script-mover.md (updated 03/03/2026 01:15:26)
[2026-03-03 07:07:21] [INFO] [PUSHED] Task: translate-check-links-comments.md (updated 03/03/2026 01:04:55)
[2026-03-03 07:07:21] [INFO] [PUSHED] Task: 1.2.md (updated 03/03/2026 02:28:44)
[2026-03-03 07:07:21] [INFO] [PUSHED] Task: 1.md (updated 03/03/2026 01:52:32)
[2026-03-03 07:07:21] [INFO] [PUSHED] Task: 2.md (updated 03/03/2026 14:11:52)
[2026-03-03 07:07:21] [INFO] [PUSHED] Task: ai-software-factory-design.md (updated 03/03/2026 02:25:14)
[2026-03-03 07:07:21] [INFO] [PUSHED] Task: SQL-Track-the-task.md (updated 03/03/2026 14:50:47)
[2026-03-03 07:07:21] [INFO] ===========================================================================
[2026-03-03 07:07:21] [INFO] All tasks completed
[2026-03-03 07:07:21] [INFO] Ended at: 03/03/2026 07:07:21
[2026-03-03 07:07:21] [INFO] Script Log: D:\workspace\Browser4\Browser4-4.6\coworker\tasks\300logs\2026\03\03\070625-coworker.log
[2026-03-03 07:07:21] [INFO] ==========================================================================
