[2026-03-04 18:24:20] [INFO] ===========================================================================
[2026-03-04 18:24:20] [INFO] Coworker Task Runner - PowerShell Version
[2026-03-04 18:24:20] [INFO] Started at: 03/04/2026 18:24:20
[2026-03-04 18:24:20] [INFO] Script Log: D:\workspace\Browser4\Browser4-4.6\coworker\tasks\300logs\2026\03\04\182420-coworker.log
[2026-03-04 18:24:20] [INFO] ==========================================================================
[2026-03-04 18:24:20] [INFO] [PREPARE] Task: 1.md
[2026-03-04 18:24:20] [INFO] [PREPARE] Task: 2.md
[2026-03-04 18:24:20] [INFO] [PREPARE] Task: 3.md
[2026-03-04 18:24:20] [INFO] [PREPARE] Task: 4.md
[2026-03-04 18:24:20] [INFO] [PREPARE] Task: 5.md
[2026-03-04 18:24:20] [INFO] [PREPARE] Task: README.md
[2026-03-04 18:24:20] [INFO] [PREPARE] Task: README.zh.md
[2026-03-04 18:24:20] [INFO] Task moved to pushed: D:\workspace\Browser4\Browser4-4.6\coworker\tasks\6git-pushed\2026\0304\1.3.md
[2026-03-04 18:24:20] [INFO] Task moved to pushed: D:\workspace\Browser4\Browser4-4.6\coworker\tasks\6git-pushed\2026\0304\2.md
[2026-03-04 18:24:20] [INFO] Executing commit script for approved tasks...
[2026-03-04 18:30:39] [INFO] Git sync executed successfully.
[2026-03-04 18:30:39] [INFO] [PUSHED] Task: 2.md (updated 03/03/2026 14:11:52)
[2026-03-04 18:30:39] [INFO] [PUSHED] Task: 5.2.md (updated 03/04/2026 00:40:44)
[2026-03-04 18:30:39] [INFO] [PUSHED] Task: 5.md (updated 03/03/2026 15:55:47)
[2026-03-04 18:30:39] [INFO] [PUSHED] Task: context-recorder.md (updated 03/04/2026 00:26:07)
[2026-03-04 18:30:39] [INFO] [PUSHED] Task: SQL-Track-the-task.md (updated 03/03/2026 14:50:47)
[2026-03-04 18:30:39] [INFO] [PUSHED] Task: 1.2.md (updated 03/04/2026 15:57:53)
[2026-03-04 18:30:39] [INFO] [PUSHED] Task: 1.3.md (updated 03/05/2026 01:54:44)
[2026-03-04 18:30:39] [INFO] [PUSHED] Task: 1.md (updated 03/04/2026 15:36:51)
[2026-03-04 18:30:39] [INFO] [PUSHED] Task: 2.md (updated 03/05/2026 02:13:18)
[2026-03-04 18:30:39] [INFO] [PUSHED] Task: fix-rename-logic-in-coworker.md (updated 03/05/2026 01:19:10)
[2026-03-04 18:30:39] [INFO] [PUSHED] Task: improve_mcp_skills.md (updated 03/05/2026 01:11:16)
[2026-03-04 18:30:39] [INFO] [PUSHED] Task: refactor-agentic-models.md (updated 03/04/2026 13:12:34)
[2026-03-04 18:30:39] [INFO] ===========================================================================
[2026-03-04 18:30:39] [INFO] All tasks completed
[2026-03-04 18:30:39] [INFO] Ended at: 03/04/2026 18:30:39
[2026-03-04 18:30:39] [INFO] Script Log: D:\workspace\Browser4\Browser4-4.6\coworker\tasks\300logs\2026\03\04\182420-coworker.log
[2026-03-04 18:30:39] [INFO] ==========================================================================
