[2026-03-10 09:19:46] [INFO] ===========================================================================
[2026-03-10 09:19:46] [INFO] Coworker Task Runner - PowerShell Version
[2026-03-10 09:19:46] [INFO] Started at: 03/10/2026 09:19:46
[2026-03-10 09:19:46] [INFO] Script Log: D:\workspace\Browser4Team\coworker\tasks\300logs\2026\03\10\091946-coworker.log
[2026-03-10 09:19:46] [INFO] ==========================================================================
[2026-03-10 09:19:46] [INFO] [PREPARE] Task: 1.md
[2026-03-10 09:19:46] [INFO] [PREPARE] Task: 2.md
[2026-03-10 09:19:46] [INFO] [PREPARE] Task: 3.md
[2026-03-10 09:19:46] [INFO] [PREPARE] Task: 4.md
[2026-03-10 09:19:46] [INFO] [PREPARE] Task: 5.md
[2026-03-10 09:19:46] [INFO] [PREPARE] Task: plan.md
[2026-03-10 09:19:46] [INFO] [PREPARE] Task: README.md
[2026-03-10 09:19:46] [INFO] [PREPARE] Task: README.zh.md
[2026-03-10 09:19:46] [INFO] Task moved to pushed: D:\workspace\Browser4Team\coworker\tasks\6git-pushed\2026\0310\refine-browser4-implementation-plan.md
[2026-03-10 09:19:46] [INFO] Executing commit script for approved tasks...
[2026-03-10 09:20:51] [INFO] Git sync executed successfully.
[2026-03-10 09:20:51] [INFO] [PUSHED] Task: add-task-monitor-option.md (updated 03/10/2026 00:36:44)
[2026-03-10 09:20:51] [INFO] [PUSHED] Task: optimize-task-source-monitor.md (updated 03/10/2026 00:36:44)
[2026-03-10 09:20:51] [INFO] [PUSHED] Task: task-source-monitor-deduplication.md (updated 03/10/2026 00:36:44)
[2026-03-10 09:20:51] [INFO] [PUSHED] Task: deprecate-old-schedulers.md (updated 03/10/2026 00:36:44)
[2026-03-10 09:20:51] [INFO] [PUSHED] Task: fix-old-schedulers-directory.md (updated 03/08/2026 17:25:28)
[2026-03-10 09:20:51] [INFO] [PUSHED] Task: unify-scheduled-coworker-tasks.md (updated 03/10/2026 00:36:44)
[2026-03-10 09:20:51] [INFO] [PUSHED] Task: fix-pulsarwebdriver-click-tests.md (updated 03/09/2026 16:44:59)
[2026-03-10 09:20:51] [INFO] [PUSHED] Task: implement-aria-snapshot-rendering.md (updated 03/09/2026 20:58:16)
[2026-03-10 09:20:51] [INFO] [PUSHED] Task: relocate-scheduled-tasks-status-file.md (updated 03/10/2026 00:03:42)
[2026-03-10 09:20:51] [INFO] [PUSHED] Task: rename-coworker-periodic-scripts.md (updated 03/09/2026 20:55:44)
[2026-03-10 09:20:51] [INFO] [PUSHED] Task: review-micro-to-nano-tree-helper.md (updated 03/09/2026 22:10:47)
[2026-03-10 09:20:51] [INFO] [PUSHED] Task: skip-empty-coworker-scheduler-runs.md (updated 03/09/2026 21:21:57)
[2026-03-10 09:20:51] [INFO] [PUSHED] Task: translate-promptbuilder-to-english.md (updated 03/09/2026 23:34:34)
[2026-03-10 09:20:51] [INFO] [PUSHED] Task: add-browser4-submodule.md (updated 03/10/2026 15:44:29)
[2026-03-10 09:20:51] [INFO] [PUSHED] Task: improve-coworker-path-handling.md (updated 03/10/2026 15:00:14)
[2026-03-10 09:20:51] [INFO] [PUSHED] Task: refine-browser4-implementation-plan.md (updated 03/10/2026 16:18:07)
[2026-03-10 09:20:51] [INFO] [PUSHED] Task: refine-main-system-prompt.md (updated 03/10/2026 00:15:42)
[2026-03-10 09:20:51] [INFO] [PUSHED] Task: write-coworker-skill-doc.md (updated 03/10/2026 01:53:00)
[2026-03-10 09:20:51] [INFO] ===========================================================================
[2026-03-10 09:20:51] [INFO] All tasks completed
[2026-03-10 09:20:51] [INFO] Ended at: 03/10/2026 09:20:51
[2026-03-10 09:20:51] [INFO] Script Log: D:\workspace\Browser4Team\coworker\tasks\300logs\2026\03\10\091946-coworker.log
[2026-03-10 09:20:51] [INFO] ==========================================================================
