[2026-03-05 04:49:46] [INFO] ===========================================================================
[2026-03-05 04:49:46] [INFO] Coworker Task Runner - PowerShell Version
[2026-03-05 04:49:46] [INFO] Started at: 03/05/2026 04:49:46
[2026-03-05 04:49:46] [INFO] Script Log: D:\workspace\Browser4\Browser4-4.6\coworker\tasks\300logs\2026\03\05\044946-coworker.log
[2026-03-05 04:49:46] [INFO] ==========================================================================
[2026-03-05 04:49:46] [INFO] [PREPARE] Task: 1.md
[2026-03-05 04:49:46] [INFO] [PREPARE] Task: 2.md
[2026-03-05 04:49:46] [INFO] [PREPARE] Task: 3.md
[2026-03-05 04:49:46] [INFO] [PREPARE] Task: 4.md
[2026-03-05 04:49:46] [INFO] [PREPARE] Task: 5.md
[2026-03-05 04:49:46] [INFO] [PREPARE] Task: plan.md
[2026-03-05 04:49:46] [INFO] [PREPARE] Task: README.md
[2026-03-05 04:49:46] [INFO] [PREPARE] Task: README.zh.md
[2026-03-05 04:49:46] [INFO] Task moved to pushed: D:\workspace\Browser4\Browser4-4.6\coworker\tasks\6git-pushed\2026\0305\fix-coworker-memory-generator-paths.md
[2026-03-05 04:49:46] [INFO] Task moved to pushed: D:\workspace\Browser4\Browser4-4.6\coworker\tasks\6git-pushed\2026\0305\improve-coworker-memory-generator.md
[2026-03-05 04:49:46] [INFO] Executing commit script for approved tasks...
[2026-03-05 04:50:47] [INFO] Git sync executed successfully.
[2026-03-05 04:50:47] [INFO] [PUSHED] Task: 2.md (updated 03/03/2026 14:11:52)
[2026-03-05 04:50:47] [INFO] [PUSHED] Task: 5.2.md (updated 03/04/2026 00:40:44)
[2026-03-05 04:50:47] [INFO] [PUSHED] Task: 5.md (updated 03/03/2026 15:55:47)
[2026-03-05 04:50:47] [INFO] [PUSHED] Task: context-recorder.md (updated 03/04/2026 00:26:07)
[2026-03-05 04:50:47] [INFO] [PUSHED] Task: SQL-Track-the-task.md (updated 03/03/2026 14:50:47)
[2026-03-05 04:50:47] [INFO] [PUSHED] Task: 1.2.md (updated 03/04/2026 15:57:53)
[2026-03-05 04:50:47] [INFO] [PUSHED] Task: 1.3.md (updated 03/05/2026 01:54:44)
[2026-03-05 04:50:47] [INFO] [PUSHED] Task: 1.md (updated 03/04/2026 15:36:51)
[2026-03-05 04:50:47] [INFO] [PUSHED] Task: 2.md (updated 03/05/2026 02:13:18)
[2026-03-05 04:50:47] [INFO] [PUSHED] Task: fix-rename-logic-in-coworker.md (updated 03/05/2026 01:19:10)
[2026-03-05 04:50:47] [INFO] [PUSHED] Task: improve_mcp_skills.md (updated 03/05/2026 01:11:16)
[2026-03-05 04:50:47] [INFO] [PUSHED] Task: refactor-agentic-models.md (updated 03/04/2026 13:12:34)
[2026-03-05 04:50:47] [INFO] [PUSHED] Task: fix-coworker-memory-generator-paths.md (updated 03/05/2026 11:46:48)
[2026-03-05 04:50:47] [INFO] [PUSHED] Task: improve-coworker-memory-generator.md (updated 03/05/2026 12:34:04)
[2026-03-05 04:50:47] [INFO] ===========================================================================
[2026-03-05 04:50:47] [INFO] All tasks completed
[2026-03-05 04:50:47] [INFO] Ended at: 03/05/2026 04:50:47
[2026-03-05 04:50:47] [INFO] Script Log: D:\workspace\Browser4\Browser4-4.6\coworker\tasks\300logs\2026\03\05\044946-coworker.log
[2026-03-05 04:50:47] [INFO] ==========================================================================
